This is pdfTeX, Version 3.14159265-2.6-1.40.17 (MiKTeX 2.9.6210 64-bit) (preloaded format=pdflatex 2017.3.17)  26 APR 2017 18:50
entering extended mode
**./main.tex
(main.tex
LaTeX2e <2017/01/01> patch level 1
Babel <3.9r> and hyphenation patterns for 75 language(s) loaded.
("C:\Program Files\MiKTeX 2.9\tex\latex\base\report.cls"
Document Class: report 2014/09/29 v1.4h Standard LaTeX document class
("C:\Program Files\MiKTeX 2.9\tex\latex\base\size12.clo"
File: size12.clo 2014/09/29 v1.4h Standard LaTeX file (size option)
)
\c@part=\count79
\c@chapter=\count80
\c@section=\count81
\c@subsection=\count82
\c@subsubsection=\count83
\c@paragraph=\count84
\c@subparagraph=\count85
\c@figure=\count86
\c@table=\count87
\abovecaptionskip=\skip41
\belowcaptionskip=\skip42
\bibindent=\dimen102
)
("C:\Program Files\MiKTeX 2.9\tex\latex\geometry\geometry.sty"
Package: geometry 2010/09/12 v5.6 Page Geometry

("C:\Program Files\MiKTeX 2.9\tex\latex\graphics\keyval.sty"
Package: keyval 2014/10/28 v1.15 key=value parser (DPC)
\KV@toks@=\toks14
)
("C:\Program Files\MiKTeX 2.9\tex\generic\oberdiek\ifpdf.sty"
Package: ifpdf 2016/05/14 v3.1 Provides the ifpdf switch
)
("C:\Program Files\MiKTeX 2.9\tex\generic\oberdiek\ifvtex.sty"
Package: ifvtex 2016/05/16 v1.6 Detect VTeX and its facilities (HO)
Package ifvtex Info: VTeX not detected.
)
("C:\Program Files\MiKTeX 2.9\tex\generic\ifxetex\ifxetex.sty"
Package: ifxetex 2010/09/12 v0.6 Provides ifxetex conditional
)
\Gm@cnth=\count88
\Gm@cntv=\count89
\c@Gm@tempcnt=\count90
\Gm@bindingoffset=\dimen103
\Gm@wd@mp=\dimen104
\Gm@odd@mp=\dimen105
\Gm@even@mp=\dimen106
\Gm@layoutwidth=\dimen107
\Gm@layoutheight=\dimen108
\Gm@layouthoffset=\dimen109
\Gm@layoutvoffset=\dimen110
\Gm@dimlist=\toks15

("C:\Program Files\MiKTeX 2.9\tex\latex\geometry\geometry.cfg"))
("C:\Program Files\MiKTeX 2.9\tex\latex\tools\layout.sty"
Package: layout 2014/10/28 v1.2c Show layout parameters
\oneinch=\count91
\cnt@paperwidth=\count92
\cnt@paperheight=\count93
\cnt@hoffset=\count94
\cnt@voffset=\count95
\cnt@textheight=\count96
\cnt@textwidth=\count97
\cnt@topmargin=\count98
\cnt@oddsidemargin=\count99
\cnt@evensidemargin=\count100
\cnt@headheight=\count101
\cnt@headsep=\count102
\cnt@marginparsep=\count103
\cnt@marginparwidth=\count104
\cnt@marginparpush=\count105
\cnt@footskip=\count106
\fheight=\count107
\ref@top=\count108
\ref@hoffset=\count109
\ref@voffset=\count110
\ref@head=\count111
\ref@body=\count112
\ref@foot=\count113
\ref@margin=\count114
\ref@marginwidth=\count115
\ref@marginpar=\count116
\Interval=\count117
\ExtraYPos=\count118
\PositionX=\count119
\PositionY=\count120
\ArrowLength=\count121
)
("C:\Program Files\MiKTeX 2.9\tex\latex\tools\enumerate.sty"
Package: enumerate 2015/07/23 v3.00 enumerate extensions (DPC)
\@enLab=\toks16
)
("C:\Program Files\MiKTeX 2.9\tex\latex\graphics\graphicx.sty"
Package: graphicx 2014/10/28 v1.0g Enhanced LaTeX Graphics (DPC,SPQR)

("C:\Program Files\MiKTeX 2.9\tex\latex\graphics\graphics.sty"
Package: graphics 2016/10/09 v1.0u Standard LaTeX Graphics (DPC,SPQR)

("C:\Program Files\MiKTeX 2.9\tex\latex\graphics\trig.sty"
Package: trig 2016/01/03 v1.10 sin cos tan (DPC)
)
("C:\Program Files\MiKTeX 2.9\tex\latex\graphics-cfg\graphics.cfg"
File: graphics.cfg 2016/06/04 v1.11 sample graphics configuration
)
Package graphics Info: Driver file: pdftex.def on input line 99.

("C:\Program Files\MiKTeX 2.9\tex\latex\graphics-def\pdftex.def"
File: pdftex.def 2017/01/12 v0.06k Graphics/color for pdfTeX

("C:\Program Files\MiKTeX 2.9\tex\generic\oberdiek\infwarerr.sty"
Package: infwarerr 2016/05/16 v1.4 Providing info/warning/error messages (HO)
)
("C:\Program Files\MiKTeX 2.9\tex\generic\oberdiek\ltxcmds.sty"
Package: ltxcmds 2016/05/16 v1.23 LaTeX kernel commands for general use (HO)
)
\Gread@gobject=\count122
))
\Gin@req@height=\dimen111
\Gin@req@width=\dimen112
)
("C:\Program Files\MiKTeX 2.9\tex\latex\amsmath\amsmath.sty"
Package: amsmath 2016/11/05 v2.16a AMS math features
\@mathmargin=\skip43

For additional information on amsmath, use the `?' option.
("C:\Program Files\MiKTeX 2.9\tex\latex\amsmath\amstext.sty"
Package: amstext 2000/06/29 v2.01 AMS text

("C:\Program Files\MiKTeX 2.9\tex\latex\amsmath\amsgen.sty"
File: amsgen.sty 1999/11/30 v2.0 generic functions
\@emptytoks=\toks17
\ex@=\dimen113
))
("C:\Program Files\MiKTeX 2.9\tex\latex\amsmath\amsbsy.sty"
Package: amsbsy 1999/11/29 v1.2d Bold Symbols
\pmbraise@=\dimen114
)
("C:\Program Files\MiKTeX 2.9\tex\latex\amsmath\amsopn.sty"
Package: amsopn 2016/03/08 v2.02 operator names
)
\inf@bad=\count123
LaTeX Info: Redefining \frac on input line 213.
\uproot@=\count124
\leftroot@=\count125
LaTeX Info: Redefining \overline on input line 375.
\classnum@=\count126
\DOTSCASE@=\count127
LaTeX Info: Redefining \ldots on input line 472.
LaTeX Info: Redefining \dots on input line 475.
LaTeX Info: Redefining \cdots on input line 596.
\Mathstrutbox@=\box26
\strutbox@=\box27
\big@size=\dimen115
LaTeX Font Info:    Redeclaring font encoding OML on input line 712.
LaTeX Font Info:    Redeclaring font encoding OMS on input line 713.
\macc@depth=\count128
\c@MaxMatrixCols=\count129
\dotsspace@=\muskip10
\c@parentequation=\count130
\dspbrk@lvl=\count131
\tag@help=\toks18
\row@=\count132
\column@=\count133
\maxfields@=\count134
\andhelp@=\toks19
\eqnshift@=\dimen116
\alignsep@=\dimen117
\tagshift@=\dimen118
\tagwidth@=\dimen119
\totwidth@=\dimen120
\lineht@=\dimen121
\@envbody=\toks20
\multlinegap=\skip44
\multlinetaggap=\skip45
\mathdisplay@stack=\toks21
LaTeX Info: Redefining \[ on input line 2817.
LaTeX Info: Redefining \] on input line 2818.
)
("C:\Program Files\MiKTeX 2.9\tex\latex\tools\tabularx.sty"
Package: tabularx 2016/02/03 v2.11 `tabularx' package (DPC)

("C:\Program Files\MiKTeX 2.9\tex\latex\tools\array.sty"
Package: array 2016/10/06 v2.4d Tabular extension package (FMi)
\col@sep=\dimen122
\extrarowheight=\dimen123
\NC@list=\toks22
\extratabsurround=\skip46
\backup@length=\skip47
)
\TX@col@width=\dimen124
\TX@old@table=\dimen125
\TX@old@col=\dimen126
\TX@target=\dimen127
\TX@delta=\dimen128
\TX@cols=\count135
\TX@ftn=\toks23
)
("C:\Program Files\MiKTeX 2.9\tex\latex\graphics\color.sty"
Package: color 2016/07/10 v1.1e Standard LaTeX Color (DPC)

("C:\Program Files\MiKTeX 2.9\tex\latex\graphics-cfg\color.cfg"
File: color.cfg 2016/01/02 v1.6 sample color configuration
)
Package color Info: Driver file: pdftex.def on input line 147.
)
("C:\Program Files\MiKTeX 2.9\tex\latex\mwe\mwe.sty"
Package: mwe 2012/05/15 v0.3 Package to support minimal working examples (MWE)

("C:\Program Files\MiKTeX 2.9\tex\latex\lipsum\lipsum.sty"
Package: lipsum 2014/07/27 v1.3 150 paragraphs of Lorem Ipsum dummy text
\c@lips@count=\count136
)
("C:\Program Files\MiKTeX 2.9\tex\latex\blindtext\blindtext.sty"
Package: blindtext 2012/01/06 V2.0 blindtext-Package

("C:\Program Files\MiKTeX 2.9\tex\latex\tools\xspace.sty"
Package: xspace 2014/10/28 v1.13 Space after command names (DPC,MH)
)
\c@blindtext=\count137
\c@Blindtext=\count138
\c@blind@countparstart=\count139
\blind@countxx=\count140
\blindtext@numBlindtext=\count141
\blind@countyy=\count142
\c@blindlist=\count143
\c@blindlistlevel=\count144
\c@blindlist@level=\count145
\blind@listitem=\count146
\c@blind@listcount=\count147
\c@blind@levelcount=\count148
\blind@mathformula=\count149
\blind@Mathformula=\count150
\c@blind@randomcount=\count151
\c@blind@randommax=\count152
\c@blind@pangramcount=\count153
\c@blind@pangrammax=\count154
))
("C:\Program Files\MiKTeX 2.9\tex\latex\titlesec\titlesec.sty"
Package: titlesec 2016/03/21 v2.10.2 Sectioning titles
\ttl@box=\box28
\beforetitleunit=\skip48
\aftertitleunit=\skip49
\ttl@plus=\dimen129
\ttl@minus=\dimen130
\ttl@toksa=\toks24
\titlewidth=\dimen131
\titlewidthlast=\dimen132
\titlewidthfirst=\dimen133
)
("C:\Program Files\MiKTeX 2.9\tex\latex\pgf\frontendlayer\tikz.sty"
("C:\Program Files\MiKTeX 2.9\tex\latex\pgf\basiclayer\pgf.sty"
("C:\Program Files\MiKTeX 2.9\tex\latex\pgf\utilities\pgfrcs.sty"
("C:\Program Files\MiKTeX 2.9\tex\generic\pgf\utilities\pgfutil-common.tex"
\pgfutil@everybye=\toks25
\pgfutil@tempdima=\dimen134
\pgfutil@tempdimb=\dimen135

("C:\Program Files\MiKTeX 2.9\tex\generic\pgf\utilities\pgfutil-common-lists.te
x")) ("C:\Program Files\MiKTeX 2.9\tex\generic\pgf\utilities\pgfutil-latex.def"
\pgfutil@abb=\box29
("C:\Program Files\MiKTeX 2.9\tex\latex\ms\everyshi.sty"
Package: everyshi 2001/05/15 v3.00 EveryShipout Package (MS)
))
("C:\Program Files\MiKTeX 2.9\tex\generic\pgf\utilities\pgfrcs.code.tex"
Package: pgfrcs 2015/08/07 v3.0.1a (rcs-revision 1.31)
))
Package: pgf 2015/08/07 v3.0.1a (rcs-revision 1.15)

("C:\Program Files\MiKTeX 2.9\tex\latex\pgf\basiclayer\pgfcore.sty"
("C:\Program Files\MiKTeX 2.9\tex\latex\pgf\systemlayer\pgfsys.sty"
("C:\Program Files\MiKTeX 2.9\tex\generic\pgf\systemlayer\pgfsys.code.tex"
Package: pgfsys 2014/07/09 v3.0.1a (rcs-revision 1.48)

("C:\Program Files\MiKTeX 2.9\tex\generic\pgf\utilities\pgfkeys.code.tex"
\pgfkeys@pathtoks=\toks26
\pgfkeys@temptoks=\toks27

("C:\Program Files\MiKTeX 2.9\tex\generic\pgf\utilities\pgfkeysfiltered.code.te
x"
\pgfkeys@tmptoks=\toks28
))
\pgf@x=\dimen136
\pgf@y=\dimen137
\pgf@xa=\dimen138
\pgf@ya=\dimen139
\pgf@xb=\dimen140
\pgf@yb=\dimen141
\pgf@xc=\dimen142
\pgf@yc=\dimen143
\w@pgf@writea=\write3
\r@pgf@reada=\read1
\c@pgf@counta=\count155
\c@pgf@countb=\count156
\c@pgf@countc=\count157
\c@pgf@countd=\count158
\t@pgf@toka=\toks29
\t@pgf@tokb=\toks30
\t@pgf@tokc=\toks31
 ("C:\Program Files\MiKTeX 2.9\tex\generic\pgf\systemlayer\pgf.cfg"
File: pgf.cfg 2008/05/14  (rcs-revision 1.7)
)
Driver file for pgf: pgfsys-pdftex.def

("C:\Program Files\MiKTeX 2.9\tex\generic\pgf\systemlayer\pgfsys-pdftex.def"
File: pgfsys-pdftex.def 2014/10/11  (rcs-revision 1.35)

("C:\Program Files\MiKTeX 2.9\tex\generic\pgf\systemlayer\pgfsys-common-pdf.def
"
File: pgfsys-common-pdf.def 2013/10/10  (rcs-revision 1.13)
)))
("C:\Program Files\MiKTeX 2.9\tex\generic\pgf\systemlayer\pgfsyssoftpath.code.t
ex"
File: pgfsyssoftpath.code.tex 2013/09/09  (rcs-revision 1.9)
\pgfsyssoftpath@smallbuffer@items=\count159
\pgfsyssoftpath@bigbuffer@items=\count160
)
("C:\Program Files\MiKTeX 2.9\tex\generic\pgf\systemlayer\pgfsysprotocol.code.t
ex"
File: pgfsysprotocol.code.tex 2006/10/16  (rcs-revision 1.4)
)) ("C:\Program Files\MiKTeX 2.9\tex\latex\xcolor\xcolor.sty"
Package: xcolor 2016/05/11 v2.12 LaTeX color extensions (UK)

("C:\Program Files\MiKTeX 2.9\tex\latex\graphics-cfg\color.cfg"
File: color.cfg 2016/01/02 v1.6 sample color configuration
)
Package xcolor Info: Driver file: pdftex.def on input line 225.
LaTeX Info: Redefining \color on input line 709.
Package xcolor Info: Model `cmy' substituted by `cmy0' on input line 1348.
Package xcolor Info: Model `hsb' substituted by `rgb' on input line 1352.
Package xcolor Info: Model `RGB' extended on input line 1364.
Package xcolor Info: Model `HTML' substituted by `rgb' on input line 1366.
Package xcolor Info: Model `Hsb' substituted by `hsb' on input line 1367.
Package xcolor Info: Model `tHsb' substituted by `hsb' on input line 1368.
Package xcolor Info: Model `HSB' substituted by `hsb' on input line 1369.
Package xcolor Info: Model `Gray' substituted by `gray' on input line 1370.
Package xcolor Info: Model `wave' substituted by `hsb' on input line 1371.
)
("C:\Program Files\MiKTeX 2.9\tex\generic\pgf\basiclayer\pgfcore.code.tex"
Package: pgfcore 2010/04/11 v3.0.1a (rcs-revision 1.7)

("C:\Program Files\MiKTeX 2.9\tex\generic\pgf\math\pgfmath.code.tex"
("C:\Program Files\MiKTeX 2.9\tex\generic\pgf\math\pgfmathcalc.code.tex"
("C:\Program Files\MiKTeX 2.9\tex\generic\pgf\math\pgfmathutil.code.tex")
("C:\Program Files\MiKTeX 2.9\tex\generic\pgf\math\pgfmathparser.code.tex"
\pgfmath@dimen=\dimen144
\pgfmath@count=\count161
\pgfmath@box=\box30
\pgfmath@toks=\toks32
\pgfmath@stack@operand=\toks33
\pgfmath@stack@operation=\toks34
)
("C:\Program Files\MiKTeX 2.9\tex\generic\pgf\math\pgfmathfunctions.code.tex"
("C:\Program Files\MiKTeX 2.9\tex\generic\pgf\math\pgfmathfunctions.basic.code.
tex")
("C:\Program Files\MiKTeX 2.9\tex\generic\pgf\math\pgfmathfunctions.trigonometr
ic.code.tex")
("C:\Program Files\MiKTeX 2.9\tex\generic\pgf\math\pgfmathfunctions.random.code
.tex")
("C:\Program Files\MiKTeX 2.9\tex\generic\pgf\math\pgfmathfunctions.comparison.
code.tex")
("C:\Program Files\MiKTeX 2.9\tex\generic\pgf\math\pgfmathfunctions.base.code.t
ex")
("C:\Program Files\MiKTeX 2.9\tex\generic\pgf\math\pgfmathfunctions.round.code.
tex")
("C:\Program Files\MiKTeX 2.9\tex\generic\pgf\math\pgfmathfunctions.misc.code.t
ex")
("C:\Program Files\MiKTeX 2.9\tex\generic\pgf\math\pgfmathfunctions.integerarit
hmetics.code.tex")))
("C:\Program Files\MiKTeX 2.9\tex\generic\pgf\math\pgfmathfloat.code.tex"
\c@pgfmathroundto@lastzeros=\count162
))
("C:\Program Files\MiKTeX 2.9\tex\generic\pgf\basiclayer\pgfcorepoints.code.tex
"
File: pgfcorepoints.code.tex 2013/10/07  (rcs-revision 1.27)
\pgf@picminx=\dimen145
\pgf@picmaxx=\dimen146
\pgf@picminy=\dimen147
\pgf@picmaxy=\dimen148
\pgf@pathminx=\dimen149
\pgf@pathmaxx=\dimen150
\pgf@pathminy=\dimen151
\pgf@pathmaxy=\dimen152
\pgf@xx=\dimen153
\pgf@xy=\dimen154
\pgf@yx=\dimen155
\pgf@yy=\dimen156
\pgf@zx=\dimen157
\pgf@zy=\dimen158
)
("C:\Program Files\MiKTeX 2.9\tex\generic\pgf\basiclayer\pgfcorepathconstruct.c
ode.tex"
File: pgfcorepathconstruct.code.tex 2013/10/07  (rcs-revision 1.29)
\pgf@path@lastx=\dimen159
\pgf@path@lasty=\dimen160
)
("C:\Program Files\MiKTeX 2.9\tex\generic\pgf\basiclayer\pgfcorepathusage.code.
tex"
File: pgfcorepathusage.code.tex 2014/11/02  (rcs-revision 1.24)
\pgf@shorten@end@additional=\dimen161
\pgf@shorten@start@additional=\dimen162
)
("C:\Program Files\MiKTeX 2.9\tex\generic\pgf\basiclayer\pgfcorescopes.code.tex
"
File: pgfcorescopes.code.tex 2015/05/08  (rcs-revision 1.46)
\pgfpic=\box31
\pgf@hbox=\box32
\pgf@layerbox@main=\box33
\pgf@picture@serial@count=\count163
)
("C:\Program Files\MiKTeX 2.9\tex\generic\pgf\basiclayer\pgfcoregraphicstate.co
de.tex"
File: pgfcoregraphicstate.code.tex 2014/11/02  (rcs-revision 1.12)
\pgflinewidth=\dimen163
)
("C:\Program Files\MiKTeX 2.9\tex\generic\pgf\basiclayer\pgfcoretransformations
.code.tex"
File: pgfcoretransformations.code.tex 2015/08/07  (rcs-revision 1.20)
\pgf@pt@x=\dimen164
\pgf@pt@y=\dimen165
\pgf@pt@temp=\dimen166
)
("C:\Program Files\MiKTeX 2.9\tex\generic\pgf\basiclayer\pgfcorequick.code.tex"
File: pgfcorequick.code.tex 2008/10/09  (rcs-revision 1.3)
)
("C:\Program Files\MiKTeX 2.9\tex\generic\pgf\basiclayer\pgfcoreobjects.code.te
x"
File: pgfcoreobjects.code.tex 2006/10/11  (rcs-revision 1.2)
)
("C:\Program Files\MiKTeX 2.9\tex\generic\pgf\basiclayer\pgfcorepathprocessing.
code.tex"
File: pgfcorepathprocessing.code.tex 2013/09/09  (rcs-revision 1.9)
)
("C:\Program Files\MiKTeX 2.9\tex\generic\pgf\basiclayer\pgfcorearrows.code.tex
"
File: pgfcorearrows.code.tex 2015/05/14  (rcs-revision 1.43)
\pgfarrowsep=\dimen167
)
("C:\Program Files\MiKTeX 2.9\tex\generic\pgf\basiclayer\pgfcoreshade.code.tex"
File: pgfcoreshade.code.tex 2013/07/15  (rcs-revision 1.15)
\pgf@max=\dimen168
\pgf@sys@shading@range@num=\count164
) ("C:\Program Files\MiKTeX 2.9\tex\generic\pgf\basiclayer\pgfcoreimage.code.te
x"
File: pgfcoreimage.code.tex 2013/07/15  (rcs-revision 1.18)

("C:\Program Files\MiKTeX 2.9\tex\generic\pgf\basiclayer\pgfcoreexternal.code.t
ex"
File: pgfcoreexternal.code.tex 2014/07/09  (rcs-revision 1.21)
\pgfexternal@startupbox=\box34
))
("C:\Program Files\MiKTeX 2.9\tex\generic\pgf\basiclayer\pgfcorelayers.code.tex
"
File: pgfcorelayers.code.tex 2013/07/18  (rcs-revision 1.7)
)
("C:\Program Files\MiKTeX 2.9\tex\generic\pgf\basiclayer\pgfcoretransparency.co
de.tex"
File: pgfcoretransparency.code.tex 2013/09/30  (rcs-revision 1.5)
)
("C:\Program Files\MiKTeX 2.9\tex\generic\pgf\basiclayer\pgfcorepatterns.code.t
ex"
File: pgfcorepatterns.code.tex 2013/11/07  (rcs-revision 1.5)
)))
("C:\Program Files\MiKTeX 2.9\tex\generic\pgf\modules\pgfmoduleshapes.code.tex"
File: pgfmoduleshapes.code.tex 2014/03/21  (rcs-revision 1.35)
\pgfnodeparttextbox=\box35
) ("C:\Program Files\MiKTeX 2.9\tex\generic\pgf\modules\pgfmoduleplot.code.tex"
File: pgfmoduleplot.code.tex 2015/08/03  (rcs-revision 1.13)
)
("C:\Program Files\MiKTeX 2.9\tex\latex\pgf\compatibility\pgfcomp-version-0-65.
sty"
Package: pgfcomp-version-0-65 2007/07/03 v3.0.1a (rcs-revision 1.7)
\pgf@nodesepstart=\dimen169
\pgf@nodesepend=\dimen170
)
("C:\Program Files\MiKTeX 2.9\tex\latex\pgf\compatibility\pgfcomp-version-1-18.
sty"
Package: pgfcomp-version-1-18 2007/07/23 v3.0.1a (rcs-revision 1.1)
)) ("C:\Program Files\MiKTeX 2.9\tex\latex\pgf\utilities\pgffor.sty"
("C:\Program Files\MiKTeX 2.9\tex\latex\pgf\utilities\pgfkeys.sty"
("C:\Program Files\MiKTeX 2.9\tex\generic\pgf\utilities\pgfkeys.code.tex"))
("C:\Program Files\MiKTeX 2.9\tex\latex\pgf\math\pgfmath.sty"
("C:\Program Files\MiKTeX 2.9\tex\generic\pgf\math\pgfmath.code.tex"))
("C:\Program Files\MiKTeX 2.9\tex\generic\pgf\utilities\pgffor.code.tex"
Package: pgffor 2013/12/13 v3.0.1a (rcs-revision 1.25)

("C:\Program Files\MiKTeX 2.9\tex\generic\pgf\math\pgfmath.code.tex")
\pgffor@iter=\dimen171
\pgffor@skip=\dimen172
\pgffor@stack=\toks35
\pgffor@toks=\toks36
))
("C:\Program Files\MiKTeX 2.9\tex\generic\pgf\frontendlayer\tikz\tikz.code.tex"
Package: tikz 2015/08/07 v3.0.1a (rcs-revision 1.151)

("C:\Program Files\MiKTeX 2.9\tex\generic\pgf\libraries\pgflibraryplothandlers.
code.tex"
File: pgflibraryplothandlers.code.tex 2013/08/31 v3.0.1a (rcs-revision 1.20)
\pgf@plot@mark@count=\count165
\pgfplotmarksize=\dimen173
)
\tikz@lastx=\dimen174
\tikz@lasty=\dimen175
\tikz@lastxsaved=\dimen176
\tikz@lastysaved=\dimen177
\tikzleveldistance=\dimen178
\tikzsiblingdistance=\dimen179
\tikz@figbox=\box36
\tikz@figbox@bg=\box37
\tikz@tempbox=\box38
\tikz@tempbox@bg=\box39
\tikztreelevel=\count166
\tikznumberofchildren=\count167
\tikznumberofcurrentchild=\count168
\tikz@fig@count=\count169

("C:\Program Files\MiKTeX 2.9\tex\generic\pgf\modules\pgfmodulematrix.code.tex"
File: pgfmodulematrix.code.tex 2013/09/17  (rcs-revision 1.8)
\pgfmatrixcurrentrow=\count170
\pgfmatrixcurrentcolumn=\count171
\pgf@matrix@numberofcolumns=\count172
)
\tikz@expandcount=\count173

("C:\Program Files\MiKTeX 2.9\tex\generic\pgf\frontendlayer\tikz\libraries\tikz
librarytopaths.code.tex"
File: tikzlibrarytopaths.code.tex 2008/06/17 v3.0.1a (rcs-revision 1.2)
)))
("C:\Program Files\MiKTeX 2.9\tex\generic\pgf\frontendlayer\tikz\libraries\tikz
librarycalc.code.tex"
File: tikzlibrarycalc.code.tex 2013/07/15 v3.0.1a (rcs-revision 1.9)
)
("C:\Program Files\MiKTeX 2.9\tex\latex\titlesec\ttlkeys.def"
File: ttlkeys.def 2016/03/15
) (main.aux

LaTeX Warning: Label `fig:33' multiply defined.


LaTeX Warning: Label `fig:hbm' multiply defined.


LaTeX Warning: Label `fig:hbm' multiply defined.

)
\openout1 = `main.aux'.

LaTeX Font Info:    Checking defaults for OML/cmm/m/it on input line 45.
LaTeX Font Info:    ... okay on input line 45.
LaTeX Font Info:    Checking defaults for T1/cmr/m/n on input line 45.
LaTeX Font Info:    ... okay on input line 45.
LaTeX Font Info:    Checking defaults for OT1/cmr/m/n on input line 45.
LaTeX Font Info:    ... okay on input line 45.
LaTeX Font Info:    Checking defaults for OMS/cmsy/m/n on input line 45.
LaTeX Font Info:    ... okay on input line 45.
LaTeX Font Info:    Checking defaults for OMX/cmex/m/n on input line 45.
LaTeX Font Info:    ... okay on input line 45.
LaTeX Font Info:    Checking defaults for U/cmr/m/n on input line 45.
LaTeX Font Info:    ... okay on input line 45.

*geometry* driver: auto-detecting
*geometry* detected driver: pdftex
*geometry* verbose mode - [ preamble ] result:
* driver: pdftex
* paper: a4paper
* layout: <same size as paper>
* layoutoffset:(h,v)=(0.0pt,0.0pt)
* modes: 
* h-part:(L,W,R)=(108.405pt, 416.83289pt, 72.26999pt)
* v-part:(T,H,B)=(72.26999pt, 700.50687pt, 72.26999pt)
* \paperwidth=597.50787pt
* \paperheight=845.04684pt
* \textwidth=416.83289pt
* \textheight=700.50687pt
* \oddsidemargin=36.13501pt
* \evensidemargin=36.13501pt
* \topmargin=-37.0pt
* \headheight=12.0pt
* \headsep=25.0pt
* \topskip=12.0pt
* \footskip=30.0pt
* \marginparwidth=35.0pt
* \marginparsep=10.0pt
* \columnsep=10.0pt
* \skip\footins=10.8pt plus 4.0pt minus 2.0pt
* \hoffset=0.0pt
* \voffset=0.0pt
* \mag=1000
* \@twocolumnfalse
* \@twosidefalse
* \@mparswitchfalse
* \@reversemarginfalse
* (1in=72.27pt=25.4mm, 1cm=28.453pt)

("C:\Program Files\MiKTeX 2.9\tex\context\base\supp-pdf.mkii"
[Loading MPS to PDF converter (version 2006.09.02).]
\scratchcounter=\count174
\scratchdimen=\dimen180
\scratchbox=\box40
\nofMPsegments=\count175
\nofMParguments=\count176
\everyMPshowfont=\toks37
\MPscratchCnt=\count177
\MPscratchDim=\dimen181
\MPnumerator=\count178
\makeMPintoPDFobject=\count179
\everyMPtoPDFconversion=\toks38
) ("C:\Program Files\MiKTeX 2.9\tex\generic\oberdiek\pdftexcmds.sty"
Package: pdftexcmds 2016/05/21 v0.22 Utility functions of pdfTeX for LuaTeX (HO
)

("C:\Program Files\MiKTeX 2.9\tex\generic\oberdiek\ifluatex.sty"
Package: ifluatex 2016/05/16 v1.4 Provides the ifluatex switch (HO)
Package ifluatex Info: LuaTeX not detected.
)
Package pdftexcmds Info: LuaTeX not detected.
Package pdftexcmds Info: \pdf@primitive is available.
Package pdftexcmds Info: \pdf@ifprimitive is available.
Package pdftexcmds Info: \pdfdraftmode found.
)
("C:\Program Files\MiKTeX 2.9\tex\latex\oberdiek\epstopdf-base.sty"
Package: epstopdf-base 2016/05/15 v2.6 Base part for package epstopdf

("C:\Program Files\MiKTeX 2.9\tex\latex\oberdiek\grfext.sty"
Package: grfext 2016/05/16 v1.2 Manage graphics extensions (HO)

("C:\Program Files\MiKTeX 2.9\tex\generic\oberdiek\kvdefinekeys.sty"
Package: kvdefinekeys 2016/05/16 v1.4 Define keys (HO)
))
("C:\Program Files\MiKTeX 2.9\tex\latex\oberdiek\kvoptions.sty"
Package: kvoptions 2016/05/16 v3.12 Key value format for package options (HO)

("C:\Program Files\MiKTeX 2.9\tex\generic\oberdiek\kvsetkeys.sty"
Package: kvsetkeys 2016/05/16 v1.17 Key value parser (HO)

("C:\Program Files\MiKTeX 2.9\tex\generic\oberdiek\etexcmds.sty"
Package: etexcmds 2016/05/16 v1.6 Avoid name clashes with e-TeX commands (HO)
Package etexcmds Info: Could not find \expanded.
(etexcmds)             That can mean that you are not using pdfTeX 1.50 or
(etexcmds)             that some package has redefined \expanded.
(etexcmds)             In the latter case, load this package earlier.
)))
Package epstopdf-base Info: Redefining graphics rule for `.eps' on input line 4
38.
Package grfext Info: Graphics extension search list:
(grfext)             [.pdf,.png,.jpg,.mps,.jpeg,.jbig2,.jb2,.PNG,.PDF,.JPG,.JPE
G,.JBIG2,.JB2,.eps]
(grfext)             \AppendGraphicsExtensions on input line 456.
)
ABD: EveryShipout initializing macros (front.tex
<"figures/vnitLogo".png, id=4, 200.75pt x 200.75pt>
File: "figures/vnitLogo".png Graphic file (type png)

<use "figures/vnitLogo".png>
Package pdftex.def Info: "figures/vnitLogo".png used on input line 46.
(pdftex.def)             Requested size: 125.05113pt x 125.0549pt.
 [1

{C:/ProgramData/MiKTeX/2.9/pdftex/config/pdftex.map} <./figures/vnitLogo.png (P
NG copy)>]
File: "figures/vnitLogo".png Graphic file (type png)
 <use "figures/vnitLogo".png>
Package pdftex.def Info: "figures/vnitLogo".png used on input line 64.
(pdftex.def)             Requested size: 125.05113pt x 125.0549pt.

Underfull \hbox (badness 10000) in paragraph at lines 67--70

 []

[2]
File: "figures/vnitLogo".png Graphic file (type png)
 <use "figures/vnitLogo".png>
Package pdftex.def Info: "figures/vnitLogo".png used on input line 86.
(pdftex.def)             Requested size: 125.05113pt x 125.0549pt.
 [3]
Missing character: There is no â in font cmr12!
Missing character: There is no € in font cmr12!
Missing character: There is no ™ in font cmr12!
) [1] (main.toc
Overfull \hbox (0.89754pt too wide) in paragraph at lines 23--23
 [][] []\OT1/cmr/m/n/12 Optimum Fre-quency Re-sponse Func-tion for Non-lin-ear 
spring 
 []

[2

])
\tf@toc=\write4
\openout4 = `main.toc'.

 [3] (main.lof [4

])
\tf@lof=\write5
\openout5 = `main.lof'.

 [5] (main.lot)
\tf@lot=\write6
\openout6 = `main.lot'.

 [6

] (Introduction.tex
Chapter 1.
[1

] <"figures/dva".jpg, id=47, 593.21625pt x 427.5975pt>
File: "figures/dva".jpg Graphic file (type jpg)

<use "figures/dva".jpg>
Package pdftex.def Info: "figures/dva".jpg used on input line 17.
(pdftex.def)             Requested size: 237.28229pt x 171.03596pt.

<"figures/changeInGraph".png, id=48, 554.07pt x 335.2525pt>
File: "figures/changeInGraph".png Graphic file (type png)

<use "figures/changeInGraph".png>
Package pdftex.def Info: "figures/changeInGraph".png used on input line 32.
(pdftex.def)             Requested size: 277.03432pt x 167.62584pt.

<"figures/massRatio".jpg, id=50, 774.895pt x 504.88625pt>
File: "figures/massRatio".jpg Graphic file (type jpg)

<use "figures/massRatio".jpg>
Package pdftex.def Info: "figures/massRatio".jpg used on input line 38.
(pdftex.def)             Requested size: 232.47029pt x 151.46703pt.
 [2 <./figures/dva.jpg>]
<"figures/eclipper".png, id=55, 336.50719pt x 137.7647pt>
File: "figures/eclipper".png Graphic file (type png)

<use "figures/eclipper".png>
Package pdftex.def Info: "figures/eclipper".png used on input line 50.
(pdftex.def)             Requested size: 302.85365pt x 123.98706pt.


LaTeX Warning: `h' float specifier changed to `ht'.

[3 <./figures/changeInGraph.png> <./figures/massRatio.jpg>]
<"figures/floordamp".jpg, id=60, 421.575pt x 203.76125pt>
File: "figures/floordamp".jpg Graphic file (type jpg)

<use "figures/floordamp".jpg>
Package pdftex.def Info: "figures/floordamp".jpg used on input line 74.
(pdftex.def)             Requested size: 379.41399pt x 183.38342pt.


LaTeX Warning: `h' float specifier changed to `ht'.

<"figures/hdamp".png, id=61, 198.7425pt x 109.1578pt>
File: "figures/hdamp".png Graphic file (type png)

<use "figures/hdamp".png>
Package pdftex.def Info: "figures/hdamp".png used on input line 84.
(pdftex.def)             Requested size: 258.3652pt x 141.90512pt.
 [4 <./figures/eclipper.png>]
<"figures/tmdbuild".jpg, id=67, 1099.10625pt x 791.95876pt>
File: "figures/tmdbuild".jpg Graphic file (type jpg)

<use "figures/tmdbuild".jpg>
Package pdftex.def Info: "figures/tmdbuild".jpg used on input line 94.
(pdftex.def)             Requested size: 274.77588pt x 197.9892pt.
 [5 <./figures/floordamp.jpg> <./figures/hdamp.png>] [6 <./figures/tmdbuild.jpg
>]
Underfull \hbox (badness 10000) in paragraph at lines 107--108

 []

Missing character: There is no â in font cmr12!
Missing character: There is no € in font cmr12!
Missing character: There is no ™ in font cmr12!
[7]) (literature-review.tex [8]
Chapter 2.
[9

]
LaTeX Font Info:    Try loading font information for OMS+cmr on input line 17.
 ("C:\Program Files\MiKTeX 2.9\tex\latex\base\omscmr.fd"
File: omscmr.fd 2014/09/29 v2.5h Standard LaTeX font definitions
)
LaTeX Font Info:    Font shape `OMS/cmr/m/n' in size <12> not available
(Font)              Font shape `OMS/cmsy/m/n' tried instead on input line 17.

<"figures/11".jpg, id=84, 341.02406pt x 237.13594pt>
File: "figures/11".jpg Graphic file (type jpg)
 <use "figures/11".jpg>
Package pdftex.def Info: "figures/11".jpg used on input line 29.
(pdftex.def)             Requested size: 168.81502pt x 117.38806pt.

<"figures/12".jpg, id=85, 372.64218pt x 236.38312pt>
File: "figures/12".jpg Graphic file (type jpg)
 <use "figures/12".jpg>
Package pdftex.def Info: "figures/12".jpg used on input line 35.
(pdftex.def)             Requested size: 168.81502pt x 107.08559pt.

<"figures/14".jpg, id=86, 334.24875pt x 238.64156pt>
File: "figures/14".jpg Graphic file (type jpg)
 <use "figures/14".jpg>
Package pdftex.def Info: "figures/14".jpg used on input line 44.
(pdftex.def)             Requested size: 168.81502pt x 120.5294pt.

<"figures/13".jpg, id=87, 358.33875pt x 248.42813pt>
File: "figures/13".jpg Graphic file (type jpg)
 <use "figures/13".jpg>
Package pdftex.def Info: "figures/13".jpg used on input line 50.
(pdftex.def)             Requested size: 168.81502pt x 117.03795pt.

Overfull \hbox (3.22525pt too wide) in paragraph at lines 56--59
\OT1/cmr/m/n/12 This pa-per takes into ac-count both pri-mary and sec-ondary ma
ss damp-ing.They
 []

[10 <./figures/11.jpg> <./figures/12.jpg> <./figures/14.jpg> <./figures/13.jpg>
] <"figures/8".jpg, id=92, 407.27156pt x 327.47343pt>
File: "figures/8".jpg Graphic file (type jpg)
 <use "figures/8".jpg>
Package pdftex.def Info: "figures/8".jpg used on input line 84.
(pdftex.def)             Requested size: 291.79353pt x 208.41801pt.


LaTeX Warning: `!h' float specifier changed to `!ht'.

<"figures/9".jpg, id=93, 417.81094pt x 359.84438pt>
File: "figures/9".jpg Graphic file (type jpg)
 <use "figures/9".jpg>
Package pdftex.def Info: "figures/9".jpg used on input line 90.
(pdftex.def)             Requested size: 291.79626pt x 166.7329pt.

[11] [12 <./figures/8.jpg> <./figures/9.jpg>]
Missing character: There is no â in font cmr12!
Missing character: There is no € in font cmr12!
Missing character: There is no “ in font cmr12!
Missing character: There is no â in font cmr12!
Missing character: There is no € in font cmr12!
Missing character: There is no “ in font cmr12!

<"figures/changeInZetaborges".png, id=100, 331.2375pt x 274.77657pt>
File: "figures/changeInZetaborges".png Graphic file (type png)

<use "figures/changeInZetaborges".png>
Package pdftex.def Info: "figures/changeInZetaborges".png used on input line 11
1.
(pdftex.def)             Requested size: 331.23668pt x 274.77588pt.


LaTeX Warning: `!h' float specifier changed to `!ht'.

[13]
Underfull \hbox (badness 10000) in paragraph at lines 122--126

 []

[14 <./figures/changeInZetaborges.png>]) (woPrimaryDamping.tex [15]
Chapter 3.
[16

]
Overfull \hbox (5.3049pt too wide) in paragraph at lines 2--2
|[]\OT1/cmr/bx/n/17.28 Dynamic vi-bra-tion ab-sorber with-out pri-mary
 []

Missing character: There is no â in font cmr12!
Missing character: There is no € in font cmr12!
Missing character: There is no ™ in font cmr12!
<"figures/4".jpg, id=115, 1372.12625pt x 411.5375pt>
File: "figures/4".jpg Graphic file (type jpg)
 <use "figures/4".jpg>
Package pdftex.def Info: "figures/4".jpg used on input line 11.
(pdftex.def)             Requested size: 416.83342pt x 208.41821pt.

[17 <./figures/4.jpg>]
Underfull \hbox (badness 10000) in paragraph at lines 18--27

 []

[18]) (wPrimaryDamping.tex
<"figures/withPrimaryMassDamping".png, id=125, 456.95718pt x 408.77719pt>
File: "figures/withPrimaryMassDamping".png Graphic file (type png)

<use "figures/withPrimaryMassDamping".png>
Package pdftex.def Info: "figures/withPrimaryMassDamping".png used on input lin
e 5.
(pdftex.def)             Requested size: 228.47803pt x 204.38809pt.

Underfull \hbox (badness 10000) in paragraph at lines 11--12

 []

[19 <./figures/withPrimaryMassDamping.png>]
<"figures/point".pdf, id=131, 834.26683pt x 412.29031pt>
File: "figures/point".pdf Graphic file (type pdf)

<use "figures/point".pdf>
Package pdftex.def Info: "figures/point".pdf used on input line 33.
(pdftex.def)             Requested size: 458.84818pt x 226.76036pt.

Overfull \hbox (42.01529pt too wide) in paragraph at lines 33--36
 [][] 
 []

<"figures/surface".pdf, id=132, 872.68031pt x 385.41994pt>
File: "figures/surface".pdf Graphic file (type pdf)

<use "figures/surface".pdf>
Package pdftex.def Info: "figures/surface".pdf used on input line 47.
(pdftex.def)             Requested size: 436.3391pt x 192.70949pt.

Overfull \hbox (19.50621pt too wide) in paragraph at lines 47--48
 [][] 
 []

[20 <./figures/point.pdf>]
<"figures/optimum".pdf, id=141, 834.26683pt x 398.43857pt>
File: "figures/optimum".pdf Graphic file (type pdf)

<use "figures/optimum".pdf>
Package pdftex.def Info: "figures/optimum".pdf used on input line 68.
(pdftex.def)             Requested size: 458.84818pt x 219.14188pt.

Overfull \hbox (42.01529pt too wide) in paragraph at lines 68--69
[][] 
 []


LaTeX Warning: `h' float specifier changed to `ht'.

) (coloumbdamping.tex
Overfull \hbox (29.91943pt too wide) in paragraph at lines 13--17
\OT1/cmr/m/n/12 Friction is dif-fi-cult to model in multi-degree of free-dom me
-chan-i-cal sys-tems.Experimental
 []

[21 <./figures/surface.pdf>]
<"figures/25".png, id=154, 1029.09468pt x 490.08093pt>
File: "figures/25".png Graphic file (type png)
 <use "figures/25".png>
Package pdftex.def Info: "figures/25".png used on input line 24.
(pdftex.def)             Requested size: 416.84387pt x 250.10248pt.

[22 <./figures/optimum.pdf>]
<"figures/28".png, id=164, 1029.09468pt x 490.08093pt>
File: "figures/28".png Graphic file (type png)
 <use "figures/28".png>
Package pdftex.def Info: "figures/28".png used on input line 37.
(pdftex.def)             Requested size: 416.84387pt x 229.25375pt.

<"figures/32".png, id=165, 1029.09468pt x 490.08093pt>
File: "figures/32".png Graphic file (type png)
 <use "figures/32".png>
Package pdftex.def Info: "figures/32".png used on input line 43.
(pdftex.def)             Requested size: 416.84387pt x 229.25375pt.


LaTeX Warning: `!h' float specifier changed to `!ht'.


LaTeX Warning: `!h' float specifier changed to `!ht'.

[23 <./figures/25.png (PNG copy)>]) (non-linear-literature.tex [24 <./figures/2
8.png (PNG copy)> <./figures/32.png>] [25]
Chapter 4.
[26

]
Missing character: There is no â in font cmr12!
Missing character: There is no € in font cmr12!
Missing character: There is no “ in font cmr12!
Missing character: There is no â in font cmr12!
Missing character: There is no € in font cmr12!
Missing character: There is no “ in font cmr12!
 <"figures/non-lineardiag".png, id=179, 444.91219pt x 208.52907pt>
File: "figures/non-lineardiag".png Graphic file (type png)

<use "figures/non-lineardiag".png>
Package pdftex.def Info: "figures/non-lineardiag".png used on input line 18.
(pdftex.def)             Requested size: 416.83258pt x 227.6358pt.


LaTeX Warning: `!h' float specifier changed to `!ht'.

[27] <"figures/33".png, id=183, 1114.09483pt x 530.25067pt>
File: "figures/33".png Graphic file (type png)

<use "figures/33".png>
Package pdftex.def Info: "figures/33".png used on input line 25.
(pdftex.def)             Requested size: 416.83255pt x 229.26553pt.
 <"figures/34".png, id=184, 1114.90686pt x 531.0627pt>
File: "figures/34".png Graphic file (type png)

<use "figures/34".png>
Package pdftex.def Info: "figures/34".png used on input line 30.
(pdftex.def)             Requested size: 416.83015pt x 229.26009pt.


LaTeX Warning: `!h' float specifier changed to `!ht'.

) (NLinPS.tex [28 <./figures/non-lineardiag.png> <./figures/33.png>]
Underfull \hbox (badness 10000) in paragraph at lines 8--10

 []

[29 <./figures/34.png>]
<"figures/nonlinearity_primaryymass_3_effect of secondaryspring".pdf, id=195, 8
29.74997pt x 267.93098pt>
File: "figures/nonlinearity_primaryymass_3_effect of secondaryspring".pdf Graph
ic file (type pdf)

<use "figures/nonlinearity_primaryymass_3_effect of secondaryspring".pdf>
Package pdftex.def Info: "figures/nonlinearity_primaryymass_3_effect of seconda
ryspring".pdf used on input line 12.
(pdftex.def)             Requested size: 416.83641pt x 208.42113pt.

Underfull \hbox (badness 10000) in paragraph at lines 16--19

 []


<"figures/nonlinearity_primaryymass_3b_effect of secondaryspring_only optimums"
.pdf, id=196, 824.48027pt x 267.93098pt>
File: "figures/nonlinearity_primaryymass_3b_effect of secondaryspring_only opti
mums".pdf Graphic file (type pdf)

<use "figures/nonlinearity_primaryymass_3b_effect of secondaryspring_only optim
ums".pdf>
Package pdftex.def Info: "figures/nonlinearity_primaryymass_3b_effect of second
aryspring_only optimums".pdf used on input line 22.
(pdftex.def)             Requested size: 416.83102pt x 208.42113pt.


LaTeX Warning: `!h' float specifier changed to `!ht'.

<"figures/linear".pdf, id=197, 832.76122pt x 393.9217pt>
File: "figures/linear".pdf Graphic file (type pdf)

<use "figures/linear".pdf>
Package pdftex.def Info: "figures/linear".pdf used on input line 33.
(pdftex.def)             Requested size: 416.83704pt x 208.42287pt.
 [30 <./figures/nonlinearity_primaryymass_3_effect of secondaryspring.pdf>] [31
 <./figures/nonlinearity_primaryymass_3b_effect of secondaryspring_only optimum
s.pdf> <./figures/linear.pdf>]
<"figures/change".pdf, id=219, 832.76122pt x 407.77344pt>
File: "figures/change".pdf Graphic file (type pdf)

<use "figures/change".pdf>
Package pdftex.def Info: "figures/change".pdf used on input line 64.
(pdftex.def)             Requested size: 416.83704pt x 208.41591pt.

Underfull \hbox (badness 10000) in paragraph at lines 64--65

 []

[32 <./figures/change.pdf>]
<"figures/nonlinearity_primaryymass_1".pdf, id=228, 810.9196pt x 252.81451pt>
File: "figures/nonlinearity_primaryymass_1".pdf Graphic file (type pdf)

<use "figures/nonlinearity_primaryymass_1".pdf>
Package pdftex.def Info: "figures/nonlinearity_primaryymass_1".pdf used on inpu
t line 80.
(pdftex.def)             Requested size: 416.83015pt x 208.41637pt.

Overfull \hbox (5.31561pt too wide) in paragraph at lines 92--92
[]|$[][]$| 
 []

) (othercases.tex [33 <./figures/nonlinearity_primaryymass_1.pdf>]
<"figures/2addingNonlinearity".pdf, id=238, 819.9634pt x 362.81546pt>
File: "figures/2addingNonlinearity".pdf Graphic file (type pdf)

<use "figures/2addingNonlinearity".pdf>
Package pdftex.def Info: "figures/2addingNonlinearity".pdf used on input line 1
4.
(pdftex.def)             Requested size: 416.83705pt x 208.41243pt.


LaTeX Warning: `!h' float specifier changed to `!ht'.

<"figures/2changingk2".pdf, id=239, 819.9634pt x 378.09254pt>
File: "figures/2changingk2".pdf Graphic file (type pdf)

<use "figures/2changingk2".pdf>
Package pdftex.def Info: "figures/2changingk2".pdf used on input line 19.
(pdftex.def)             Requested size: 416.83705pt x 208.41884pt.


LaTeX Warning: `!h' float specifier changed to `!ht'.

<"figures/2comparing".pdf, id=240, 819.9634pt x 378.09254pt>
File: "figures/2comparing".pdf Graphic file (type pdf)

<use "figures/2comparing".pdf>
Package pdftex.def Info: "figures/2comparing".pdf used on input line 24.
(pdftex.def)             Requested size: 416.83705pt x 208.41884pt.


LaTeX Warning: `!h' float specifier changed to `!ht'.


Overfull \hbox (5.31561pt too wide) in paragraph at lines 43--43
[]|$[][]$| 
 []

[34] [35 <./figures/2addingNonlinearity.pdf> <./figures/2changingk2.pdf>]
<"figures/addingNonlinearity".pdf, id=258, 819.9634pt x 391.96437pt>
File: "figures/addingNonlinearity".pdf Graphic file (type pdf)

<use "figures/addingNonlinearity".pdf>
Package pdftex.def Info: "figures/addingNonlinearity".pdf used on input line 70
.
(pdftex.def)             Requested size: 416.83705pt x 208.41595pt.


LaTeX Warning: `!h' float specifier changed to `!ht'.

<"figures/changingk2".pdf, id=259, 819.9634pt x 362.81546pt>
File: "figures/changingk2".pdf Graphic file (type pdf)

<use "figures/changingk2".pdf>
Package pdftex.def Info: "figures/changingk2".pdf used on input line 75.
(pdftex.def)             Requested size: 416.83705pt x 208.41243pt.


LaTeX Warning: `!h' float specifier changed to `!ht'.

<"figures/comparing".pdf, id=260, 819.9634pt x 378.09254pt>
File: "figures/comparing".pdf Graphic file (type pdf)

<use "figures/comparing".pdf>
Package pdftex.def Info: "figures/comparing".pdf used on input line 80.
(pdftex.def)             Requested size: 416.83705pt x 208.41884pt.


LaTeX Warning: `!h' float specifier changed to `!ht'.


Overfull \hbox (5.31561pt too wide) in paragraph at lines 100--100
[]|$[][]$| 
 []


LaTeX Warning: `!h' float specifier changed to `!ht'.

) (NLinSS.tex
<"figures/nonlinearity_secondary_1".pdf, id=261, 810.9196pt x 260.34264pt>
File: "figures/nonlinearity_secondary_1".pdf Graphic file (type pdf)

<use "figures/nonlinearity_secondary_1".pdf>
Package pdftex.def Info: "figures/nonlinearity_secondary_1".pdf used on input l
ine 6.
(pdftex.def)             Requested size: 416.83015pt x 208.42534pt.
 [36 <./figures/2comparing.pdf>]
Overfull \vbox (87.08543pt too high) has occurred while \output is active []


[37 <./figures/addingNonlinearity.pdf> <./figures/changingk2.pdf>]
Underfull \hbox (badness 10000) in paragraph at lines 14--17

 []

[38 <./figures/comparing.pdf> <./figures/nonlinearity_secondary_1.pdf>]
<"figures/nonlinearity_secondary_2".pdf, id=297, 815.44652pt x 260.34264pt>
File: "figures/nonlinearity_secondary_2".pdf Graphic file (type pdf)

<use "figures/nonlinearity_secondary_2".pdf>
Package pdftex.def Info: "figures/nonlinearity_secondary_2".pdf used on input l
ine 20.
(pdftex.def)             Requested size: 416.8303pt x 208.42534pt.
 [39 <./figures/nonlinearity_secondary_2.pdf>]
<"figures/nonlinearity_secondary_3".pdf, id=307, 819.21059pt x 260.34264pt>
File: "figures/nonlinearity_secondary_3".pdf Graphic file (type pdf)

<use "figures/nonlinearity_secondary_3".pdf>
Package pdftex.def Info: "figures/nonlinearity_secondary_3".pdf used on input l
ine 41.
(pdftex.def)             Requested size: 416.84186pt x 208.42534pt.

<"figures/nonlinerassoptimal".pdf, id=308, 822.97466pt x 375.8341pt>
File: "figures/nonlinerassoptimal".pdf Graphic file (type pdf)

<use "figures/nonlinerassoptimal".pdf>
Package pdftex.def Info: "figures/nonlinerassoptimal".pdf used on input line 49
.
(pdftex.def)             Requested size: 416.82329pt x 208.41835pt.
) (hbm.tex [40 <./figures/nonlinearity_secondary_3.pdf>] [41 <./figures/nonline
rassoptimal.pdf>]
Chapter 5.
[42

] [43] <"figures/hbm".pdf, id=332, 821.46902pt x 260.34264pt>
File: "figures/hbm".pdf Graphic file (type pdf)

<use "figures/hbm".pdf>
Package pdftex.def Info: "figures/hbm".pdf used on input line 31.
(pdftex.def)             Requested size: 416.83784pt x 208.42534pt.
 [44 <./figures/hbm.pdf>] [45] [46]
Overfull \hbox (17.45149pt too wide) in paragraph at lines 98--101
[]\OT1/cmr/m/n/12 Using these 8 equa-tions, val-ues of 8 vari-ables is found us
-ing nu-mer-i-cal solver(fsolve)
 []


<"figures/nonlinearity_primaryymass_3rdorder_2".png, id=348, 1029.09468pt x 295
.1025pt>
File: "figures/nonlinearity_primaryymass_3rdorder_2".png Graphic file (type png
)
 <use "figures/nonlinearity_primaryymass_3rdorder_2".png>
Package pdftex.def Info: "figures/nonlinearity_primaryymass_3rdorder_2".png use
d on input line 107.
(pdftex.def)             Requested size: 416.84387pt x 208.42102pt.


LaTeX Warning: `!h' float specifier changed to `!ht'.


<"figures/nonlinearity_primaryymass_3rdorder".png, id=349, 1029.09468pt x 295.1
025pt>
File: "figures/nonlinearity_primaryymass_3rdorder".png Graphic file (type png)
 <use "figures/nonlinearity_primaryymass_3rdorder".png>
Package pdftex.def Info: "figures/nonlinearity_primaryymass_3rdorder".png used 
on input line 112.
(pdftex.def)             Requested size: 416.84387pt x 208.42102pt.


LaTeX Warning: `!h' float specifier changed to `!ht'.

) (conclusion.tex [47] [48 <./figures/nonlinearity_primaryymass_3rdorder_2.png>
 <./figures/nonlinearity_primaryymass_3rdorder.png (PNG copy)>]
Chapter 6.
[49

] [50] [51]) (bibilography.tex [52]
Missing character: There is no Â in font cmr12!
Missing character: There is no · in font cmr12!
 [53

]) [54] (main.aux)

LaTeX Warning: There were multiply-defined labels.

 ) 
Here is how much of TeX's memory you used:
 13769 strings out of 493333
 267459 string characters out of 3139179
 411729 words of memory out of 3000000
 16929 multiletter control sequences out of 15000+200000
 12041 words of font info for 42 fonts, out of 3000000 for 9000
 1141 hyphenation exceptions out of 8191
 55i,17n,54p,1571b,389s stack positions out of 5000i,500n,10000p,200000b,50000s
<C:/Program Files/MiKTeX 2.9/fonts/type1/public/amsfonts/cm/cmbx10.pfb><C:/Pr
ogram Files/MiKTeX 2.9/fonts/type1/public/amsfonts/cm/cmbx12.pfb><C:/Program Fi
les/MiKTeX 2.9/fonts/type1/public/amsfonts/cm/cmcsc10.pfb><C:/Program Files/MiK
TeX 2.9/fonts/type1/public/amsfonts/cm/cmex10.pfb><C:/Program Files/MiKTeX 2.9/
fonts/type1/public/amsfonts/cm/cmmi12.pfb><C:/Program Files/MiKTeX 2.9/fonts/ty
pe1/public/amsfonts/cm/cmmi6.pfb><C:/Program Files/MiKTeX 2.9/fonts/type1/publi
c/amsfonts/cm/cmmi8.pfb><C:/Program Files/MiKTeX 2.9/fonts/type1/public/amsfont
s/cm/cmr12.pfb><C:/Program Files/MiKTeX 2.9/fonts/type1/public/amsfonts/cm/cmr1
7.pfb><C:/Program Files/MiKTeX 2.9/fonts/type1/public/amsfonts/cm/cmr6.pfb><C:/
Program Files/MiKTeX 2.9/fonts/type1/public/amsfonts/cm/cmr8.pfb><C:/Program Fi
les/MiKTeX 2.9/fonts/type1/public/amsfonts/cm/cmss17.pfb><C:/Program Files/MiKT
eX 2.9/fonts/type1/public/amsfonts/cm/cmsy10.pfb><C:/Program Files/MiKTeX 2.9/f
onts/type1/public/amsfonts/cm/cmti10.pfb><C:/Program Files/MiKTeX 2.9/fonts/typ
e1/public/amsfonts/cm/cmti12.pfb>
Output written on main.pdf (63 pages, 1526189 bytes).
PDF statistics:
 425 PDF objects out of 1000 (max. 8388607)
 0 named destinations out of 1000 (max. 500000)
 233 words of extra memory for PDF output out of 10000 (max. 10000000)

